C:\DOCUMENTS AND SETTINGS\ADMINISTRATOR\바탕 화면\232_BATTLEBRIDGE\DEBUG\CAPPLICATION.OBJ
C:\DOCUMENTS AND SETTINGS\ADMINISTRATOR\바탕 화면\232_BATTLEBRIDGE\DEBUG\CARCHER.OBJ
C:\DOCUMENTS AND SETTINGS\ADMINISTRATOR\바탕 화면\232_BATTLEBRIDGE\DEBUG\CCASTLE.OBJ
C:\DOCUMENTS AND SETTINGS\ADMINISTRATOR\바탕 화면\232_BATTLEBRIDGE\DEBUG\CCOLDWIZARD.OBJ
C:\DOCUMENTS AND SETTINGS\ADMINISTRATOR\바탕 화면\232_BATTLEBRIDGE\DEBUG\CDEFENDER.OBJ
C:\DOCUMENTS AND SETTINGS\ADMINISTRATOR\바탕 화면\232_BATTLEBRIDGE\DEBUG\CDIRECTAPPLICATION.OBJ
C:\DOCUMENTS AND SETTINGS\ADMINISTRATOR\바탕 화면\232_BATTLEBRIDGE\DEBUG\CDIRECTINPUT.OBJ
C:\DOCUMENTS AND SETTINGS\ADMINISTRATOR\바탕 화면\232_BATTLEBRIDGE\DEBUG\CELITEARCHER.OBJ
C:\DOCUMENTS AND SETTINGS\ADMINISTRATOR\바탕 화면\232_BATTLEBRIDGE\DEBUG\CENEMYARCHER.OBJ
C:\DOCUMENTS AND SETTINGS\ADMINISTRATOR\바탕 화면\232_BATTLEBRIDGE\DEBUG\CENEMYCASTLE.OBJ
C:\DOCUMENTS AND SETTINGS\ADMINISTRATOR\바탕 화면\232_BATTLEBRIDGE\DEBUG\CENEMYCOLDWIZARD.OBJ
C:\DOCUMENTS AND SETTINGS\ADMINISTRATOR\바탕 화면\232_BATTLEBRIDGE\DEBUG\CENEMYDEFENDER.OBJ
C:\DOCUMENTS AND SETTINGS\ADMINISTRATOR\바탕 화면\232_BATTLEBRIDGE\DEBUG\CENEMYELITEARCHER.OBJ
C:\DOCUMENTS AND SETTINGS\ADMINISTRATOR\바탕 화면\232_BATTLEBRIDGE\DEBUG\CENEMYFIREMAGICIAN.OBJ
C:\DOCUMENTS AND SETTINGS\ADMINISTRATOR\바탕 화면\232_BATTLEBRIDGE\DEBUG\CENEMYMAGICIAN.OBJ
C:\DOCUMENTS AND SETTINGS\ADMINISTRATOR\바탕 화면\232_BATTLEBRIDGE\DEBUG\CENEMYSNIPER.OBJ
C:\DOCUMENTS AND SETTINGS\ADMINISTRATOR\바탕 화면\232_BATTLEBRIDGE\DEBUG\CENEMYSWORDMASTER.OBJ
C:\DOCUMENTS AND SETTINGS\ADMINISTRATOR\바탕 화면\232_BATTLEBRIDGE\DEBUG\CENEMYWARRIOR.OBJ
C:\DOCUMENTS AND SETTINGS\ADMINISTRATOR\바탕 화면\232_BATTLEBRIDGE\DEBUG\CFIREMAGICIAN.OBJ
C:\DOCUMENTS AND SETTINGS\ADMINISTRATOR\바탕 화면\232_BATTLEBRIDGE\DEBUG\CFONT.OBJ
C:\DOCUMENTS AND SETTINGS\ADMINISTRATOR\바탕 화면\232_BATTLEBRIDGE\DEBUG\CHELP.OBJ
C:\DOCUMENTS AND SETTINGS\ADMINISTRATOR\바탕 화면\232_BATTLEBRIDGE\DEBUG\CIXAUDIO2.OBJ
C:\Documents and Settings\Administrator\바탕 화면\232_BattleBridge\Debug\cl.command.1.tlog
C:\Documents and Settings\Administrator\바탕 화면\232_BattleBridge\Debug\CL.read.1.tlog
C:\Documents and Settings\Administrator\바탕 화면\232_BattleBridge\Debug\CL.write.1.tlog
C:\DOCUMENTS AND SETTINGS\ADMINISTRATOR\바탕 화면\232_BATTLEBRIDGE\DEBUG\CLOSE.OBJ
C:\DOCUMENTS AND SETTINGS\ADMINISTRATOR\바탕 화면\232_BATTLEBRIDGE\DEBUG\CMAGICIAN.OBJ
C:\DOCUMENTS AND SETTINGS\ADMINISTRATOR\바탕 화면\232_BATTLEBRIDGE\DEBUG\CMAIN.OBJ
C:\DOCUMENTS AND SETTINGS\ADMINISTRATOR\바탕 화면\232_BATTLEBRIDGE\DEBUG\CPAD.OBJ
C:\DOCUMENTS AND SETTINGS\ADMINISTRATOR\바탕 화면\232_BATTLEBRIDGE\DEBUG\CSCENEMANAGER.OBJ
C:\DOCUMENTS AND SETTINGS\ADMINISTRATOR\바탕 화면\232_BATTLEBRIDGE\DEBUG\CSNIPER.OBJ
C:\DOCUMENTS AND SETTINGS\ADMINISTRATOR\바탕 화면\232_BATTLEBRIDGE\DEBUG\CSOUNDMANAGER.OBJ
C:\DOCUMENTS AND SETTINGS\ADMINISTRATOR\바탕 화면\232_BATTLEBRIDGE\DEBUG\CSOURCEVOICE.OBJ
C:\DOCUMENTS AND SETTINGS\ADMINISTRATOR\바탕 화면\232_BATTLEBRIDGE\DEBUG\CSTART.OBJ
C:\DOCUMENTS AND SETTINGS\ADMINISTRATOR\바탕 화면\232_BATTLEBRIDGE\DEBUG\CSWORDMASTER.OBJ
C:\DOCUMENTS AND SETTINGS\ADMINISTRATOR\바탕 화면\232_BATTLEBRIDGE\DEBUG\CTEXMANAGER.OBJ
C:\DOCUMENTS AND SETTINGS\ADMINISTRATOR\바탕 화면\232_BATTLEBRIDGE\DEBUG\CTEXTURE.OBJ
C:\DOCUMENTS AND SETTINGS\ADMINISTRATOR\바탕 화면\232_BATTLEBRIDGE\DEBUG\CUNIT.OBJ
C:\DOCUMENTS AND SETTINGS\ADMINISTRATOR\바탕 화면\232_BATTLEBRIDGE\DEBUG\CVALSTORAGE.OBJ
C:\DOCUMENTS AND SETTINGS\ADMINISTRATOR\바탕 화면\232_BATTLEBRIDGE\DEBUG\CWARRIOR.OBJ
C:\DOCUMENTS AND SETTINGS\ADMINISTRATOR\바탕 화면\232_BATTLEBRIDGE\DEBUG\CWIN.OBJ
C:\Documents and Settings\Administrator\바탕 화면\232_BattleBridge\Debug\HGEngine.exe.intermediate.manifest
C:\Documents and Settings\Administrator\바탕 화면\232_BattleBridge\Debug\HGEngine.pdb
C:\Documents and Settings\Administrator\바탕 화면\232_BattleBridge\Debug\link.command.1.tlog
C:\Documents and Settings\Administrator\바탕 화면\232_BattleBridge\Debug\link.read.1.tlog
C:\Documents and Settings\Administrator\바탕 화면\232_BattleBridge\Debug\link.write.1.tlog
C:\DOCUMENTS AND SETTINGS\ADMINISTRATOR\바탕 화면\232_BATTLEBRIDGE\DEBUG\LOGGER.OBJ
C:\DOCUMENTS AND SETTINGS\ADMINISTRATOR\바탕 화면\232_BATTLEBRIDGE\DEBUG\MAIN.OBJ
C:\Documents and Settings\Administrator\바탕 화면\232_BattleBridge\Debug\vc100.idb
C:\DOCUMENTS AND SETTINGS\ADMINISTRATOR\바탕 화면\232_BATTLEBRIDGE\DEBUG\VC100.PDB
C:\Documents and Settings\Administrator\바탕 화면\232_BattleBridge\Debug\vc90.idb
C:\Documents and Settings\Administrator\바탕 화면\232_BattleBridge\Debug\vc90.pdb
C:\DOCUMENTS AND SETTINGS\ADMINISTRATOR\바탕 화면\232_BATTLEBRIDGE\DEBUG\WAVEFILE.OBJ
